2026-03-14 07:38:15,762 - bot.client - INFO - Placing BUY MARKET order for 0.01 BTCUSDT
2026-03-14 07:38:16,443 - bot.orders - INFO - Order executed successfully: {'orderId': 12799895095, 'status': 'NEW', 'executedQty': '0.000', 'avgPrice': '0.00'}
2026-03-14 07:52:33,853 - bot.client - INFO - Placing SELL MARKET order for 0.01 BTCUSDT
2026-03-14 07:52:34,954 - bot.orders - INFO - Order executed successfully: {'orderId': 12800099700, 'status': 'NEW', 'executedQty': '0.000', 'avgPrice': '0.00'}
2026-03-14 07:54:36,759 - bot.client - INFO - Placing SELL LIMIT order for 0.05 BTCUSDT
2026-03-14 07:54:37,992 - bot.orders - INFO - Order executed successfully: {'orderId': 12800129147, 'status': 'NEW', 'executedQty': '0.000', 'avgPrice': '0.00'}
2026-03-14 08:03:59,503 - bot.client - INFO - Placing SELL LIMIT order for 3.0 BTCUSDT
2026-03-14 08:04:00,316 - bot.client - ERROR - HTTP Error: 400 - {"code":-2019,"msg":"Margin is insufficient."}
2026-03-14 08:04:00,316 - bot.orders - ERROR - Failed to execute order: Binance API Error: {"code":-2019,"msg":"Margin is insufficient."}
2026-03-14 08:04:25,322 - bot.client - INFO - Placing SELL MARKET order for 0.01 BTCUSDT
2026-03-14 08:04:26,005 - bot.orders - INFO - Order executed successfully: {'orderId': 12800269926, 'status': 'NEW', 'executedQty': '0.000', 'avgPrice': '0.00'}
2026-03-14 08:04:28,294 - bot.client - INFO - Placing SELL MARKET order for 0.01 BTCUSDT
2026-03-14 08:04:28,758 - bot.orders - INFO - Order executed successfully: {'orderId': 12800270496, 'status': 'NEW', 'executedQty': '0.000', 'avgPrice': '0.00'}
2026-03-14 08:04:55,682 - bot.client - INFO - Placing BUY MARKET order for 10.0 BTCUSDT
2026-03-14 08:04:56,326 - bot.client - ERROR - HTTP Error: 400 - {"code":-2019,"msg":"Margin is insufficient."}
2026-03-14 08:04:56,326 - bot.orders - ERROR - Failed to execute order: Binance API Error: {"code":-2019,"msg":"Margin is insufficient."}
2026-03-14 08:05:04,301 - bot.client - INFO - Placing BUY MARKET order for 1.0 BTCUSDT
2026-03-14 08:05:05,207 - bot.orders - INFO - Order executed successfully: {'orderId': 12800279692, 'status': 'NEW', 'executedQty': '0.000', 'avgPrice': '0.00'}
2026-03-14 08:51:36,379 - bot.client - INFO - Placing BUY LIMIT order for 1.0 USDT
2026-03-14 08:51:37,398 - bot.client - ERROR - HTTP Error: 400 - {"code":-1121,"msg":"Invalid symbol."}
2026-03-14 08:51:37,399 - bot.orders - ERROR - Failed to execute order: Binance API Error: {"code":-1121,"msg":"Invalid symbol."}
2026-03-14 08:51:46,471 - bot.client - INFO - Placing BUY LIMIT order for 1.0 BTCUSDT
2026-03-14 08:51:47,277 - bot.client - ERROR - HTTP Error: 400 - {"code":-4013,"msg":"Price less than min price."}
2026-03-14 08:51:47,278 - bot.orders - ERROR - Failed to execute order: Binance API Error: {"code":-4013,"msg":"Price less than min price."}
2026-03-14 08:52:18,675 - bot.client - INFO - Placing BUY LIMIT order for 1.0 BTCUSDT
2026-03-14 08:52:19,427 - bot.client - ERROR - HTTP Error: 400 - {"code":-4013,"msg":"Price less than min price."}
2026-03-14 08:52:19,427 - bot.orders - ERROR - Failed to execute order: Binance API Error: {"code":-4013,"msg":"Price less than min price."}
